<?xml version="1.0" encoding="UTF-8"?>
<testsuite xmlns:xsi="http://www.w3.org/2001/XMLSchema-instance" xsi:noNamespaceSchemaLocation="https://maven.apache.org/surefire/maven-surefire-plugin/xsd/surefire-test-report.xsd" name="TestSuite" time="30.624" tests="2" errors="0" skipped="0" failures="2">
  <properties>
    <property name="java.specification.version" value="17"/>
    <property name="sun.jnu.encoding" value="UTF-8"/>
    <property name="java.class.path" value="/Users/benedict.idonije/git/policy-expert-project/target/test-classes:/Users/benedict.idonije/git/policy-expert-project/target/classes:/Users/benedict.idonije/.m2/repository/org/testng/testng/7.3.0/testng-7.3.0.jar:/Users/benedict.idonije/.m2/repository/com/beust/jcommander/1.78/jcommander-1.78.jar:/Users/benedict.idonije/.m2/repository/org/apache/ant/ant/1.10.3/ant-1.10.3.jar:/Users/benedict.idonije/.m2/repository/org/apache/ant/ant-launcher/1.10.3/ant-launcher-1.10.3.jar:/Users/benedict.idonije/.m2/repository/junit/junit/4.12/junit-4.12.jar:/Users/benedict.idonije/.m2/repository/com/google/inject/guice/4.2.2/guice-4.2.2-no_aop.jar:/Users/benedict.idonije/.m2/repository/javax/inject/javax.inject/1/javax.inject-1.jar:/Users/benedict.idonije/.m2/repository/aopalliance/aopalliance/1.0/aopalliance-1.0.jar:/Users/benedict.idonije/.m2/repository/org/yaml/snakeyaml/1.21/snakeyaml-1.21.jar:/Users/benedict.idonije/.m2/repository/org/seleniumhq/selenium/selenium-java/4.0.0/selenium-java-4.0.0.jar:/Users/benedict.idonije/.m2/repository/org/seleniumhq/selenium/selenium-api/4.0.0/selenium-api-4.0.0.jar:/Users/benedict.idonije/.m2/repository/org/seleniumhq/selenium/selenium-devtools-v85/4.0.0/selenium-devtools-v85-4.0.0.jar:/Users/benedict.idonije/.m2/repository/org/seleniumhq/selenium/selenium-devtools-v93/4.0.0/selenium-devtools-v93-4.0.0.jar:/Users/benedict.idonije/.m2/repository/org/seleniumhq/selenium/selenium-devtools-v94/4.0.0/selenium-devtools-v94-4.0.0.jar:/Users/benedict.idonije/.m2/repository/org/seleniumhq/selenium/selenium-devtools-v95/4.0.0/selenium-devtools-v95-4.0.0.jar:/Users/benedict.idonije/.m2/repository/org/seleniumhq/selenium/selenium-edge-driver/4.0.0/selenium-edge-driver-4.0.0.jar:/Users/benedict.idonije/.m2/repository/org/seleniumhq/selenium/selenium-firefox-xpi-driver/4.0.0/selenium-firefox-xpi-driver-4.0.0.jar:/Users/benedict.idonije/.m2/repository/org/seleniumhq/selenium/selenium-ie-driver/4.0.0/selenium-ie-driver-4.0.0.jar:/Users/benedict.idonije/.m2/repository/org/seleniumhq/selenium/selenium-opera-driver/4.0.0/selenium-opera-driver-4.0.0.jar:/Users/benedict.idonije/.m2/repository/org/seleniumhq/selenium/selenium-remote-driver/4.0.0/selenium-remote-driver-4.0.0.jar:/Users/benedict.idonije/.m2/repository/io/netty/netty-buffer/4.1.68.Final/netty-buffer-4.1.68.Final.jar:/Users/benedict.idonije/.m2/repository/io/netty/netty-codec-http/4.1.67.Final/netty-codec-http-4.1.67.Final.jar:/Users/benedict.idonije/.m2/repository/io/netty/netty-codec/4.1.67.Final/netty-codec-4.1.67.Final.jar:/Users/benedict.idonije/.m2/repository/io/netty/netty-handler/4.1.67.Final/netty-handler-4.1.67.Final.jar:/Users/benedict.idonije/.m2/repository/io/netty/netty-common/4.1.68.Final/netty-common-4.1.68.Final.jar:/Users/benedict.idonije/.m2/repository/io/netty/netty-transport-native-epoll/4.1.67.Final/netty-transport-native-epoll-4.1.67.Final.jar:/Users/benedict.idonije/.m2/repository/io/netty/netty-transport-native-kqueue/4.1.67.Final/netty-transport-native-kqueue-4.1.67.Final.jar:/Users/benedict.idonije/.m2/repository/io/netty/netty-transport-native-unix-common/4.1.67.Final/netty-transport-native-unix-common-4.1.67.Final.jar:/Users/benedict.idonije/.m2/repository/io/netty/netty-transport/4.1.68.Final/netty-transport-4.1.68.Final.jar:/Users/benedict.idonije/.m2/repository/io/netty/netty-resolver/4.1.68.Final/netty-resolver-4.1.68.Final.jar:/Users/benedict.idonije/.m2/repository/io/opentelemetry/opentelemetry-api/1.6.0/opentelemetry-api-1.6.0.jar:/Users/benedict.idonije/.m2/repository/io/opentelemetry/opentelemetry-context/1.6.0/opentelemetry-context-1.6.0.jar:/Users/benedict.idonije/.m2/repository/io/opentelemetry/opentelemetry-exporter-logging/1.6.0/opentelemetry-exporter-logging-1.6.0.jar:/Users/benedict.idonije/.m2/repository/io/opentelemetry/opentelemetry-sdk-metrics/1.6.0-alpha/opentelemetry-sdk-metrics-1.6.0-alpha.jar:/Users/benedict.idonije/.m2/repository/io/opentelemetry/opentelemetry-sdk-common/1.6.0/opentelemetry-sdk-common-1.6.0.jar:/Users/benedict.idonije/.m2/repository/io/opentelemetry/opentelemetry-sdk-extension-autoconfigure-spi/1.6.0/opentelemetry-sdk-extension-autoconfigure-spi-1.6.0.jar:/Users/benedict.idonije/.m2/repository/io/opentelemetry/opentelemetry-sdk-extension-autoconfigure/1.6.0-alpha/opentelemetry-sdk-extension-autoconfigure-1.6.0-alpha.jar:/Users/benedict.idonije/.m2/repository/io/opentelemetry/opentelemetry-sdk-trace/1.6.0/opentelemetry-sdk-trace-1.6.0.jar:/Users/benedict.idonije/.m2/repository/io/opentelemetry/opentelemetry-api-metrics/1.6.0-alpha/opentelemetry-api-metrics-1.6.0-alpha.jar:/Users/benedict.idonije/.m2/repository/io/opentelemetry/opentelemetry-sdk/1.6.0/opentelemetry-sdk-1.6.0.jar:/Users/benedict.idonije/.m2/repository/io/opentelemetry/opentelemetry-semconv/1.6.0-alpha/opentelemetry-semconv-1.6.0-alpha.jar:/Users/benedict.idonije/.m2/repository/io/ous/jtoml/2.0.0/jtoml-2.0.0.jar:/Users/benedict.idonije/.m2/repository/net/bytebuddy/byte-buddy/1.11.19/byte-buddy-1.11.19.jar:/Users/benedict.idonije/.m2/repository/org/apache/commons/commons-exec/1.3/commons-exec-1.3.jar:/Users/benedict.idonije/.m2/repository/org/asynchttpclient/async-http-client/2.12.3/async-http-client-2.12.3.jar:/Users/benedict.idonije/.m2/repository/org/asynchttpclient/async-http-client-netty-utils/2.12.3/async-http-client-netty-utils-2.12.3.jar:/Users/benedict.idonije/.m2/repository/io/netty/netty-codec-socks/4.1.60.Final/netty-codec-socks-4.1.60.Final.jar:/Users/benedict.idonije/.m2/repository/io/netty/netty-handler-proxy/4.1.60.Final/netty-handler-proxy-4.1.60.Final.jar:/Users/benedict.idonije/.m2/repository/io/netty/netty-transport-native-epoll/4.1.60.Final/netty-transport-native-epoll-4.1.60.Final-linux-x86_64.jar:/Users/benedict.idonije/.m2/repository/io/netty/netty-transport-native-kqueue/4.1.60.Final/netty-transport-native-kqueue-4.1.60.Final-osx-x86_64.jar:/Users/benedict.idonije/.m2/repository/org/reactivestreams/reactive-streams/1.0.3/reactive-streams-1.0.3.jar:/Users/benedict.idonije/.m2/repository/com/typesafe/netty/netty-reactive-streams/2.0.4/netty-reactive-streams-2.0.4.jar:/Users/benedict.idonije/.m2/repository/com/sun/activation/jakarta.activation/1.2.2/jakarta.activation-1.2.2.jar:/Users/benedict.idonije/.m2/repository/org/seleniumhq/selenium/selenium-http/4.0.0/selenium-http-4.0.0.jar:/Users/benedict.idonije/.m2/repository/org/seleniumhq/selenium/selenium-safari-driver/4.0.0/selenium-safari-driver-4.0.0.jar:/Users/benedict.idonije/.m2/repository/org/seleniumhq/selenium/selenium-support/4.0.0/selenium-support-4.0.0.jar:/Users/benedict.idonije/.m2/repository/org/seleniumhq/selenium/selenium-firefox-driver/4.0.0/selenium-firefox-driver-4.0.0.jar:/Users/benedict.idonije/.m2/repository/com/google/auto/service/auto-service-annotations/1.0/auto-service-annotations-1.0.jar:/Users/benedict.idonije/.m2/repository/com/google/auto/service/auto-service/1.0/auto-service-1.0.jar:/Users/benedict.idonije/.m2/repository/com/google/auto/auto-common/1.0/auto-common-1.0.jar:/Users/benedict.idonije/.m2/repository/com/google/guava/guava/31.0.1-jre/guava-31.0.1-jre.jar:/Users/benedict.idonije/.m2/repository/com/google/guava/failureaccess/1.0.1/failureaccess-1.0.1.jar:/Users/benedict.idonije/.m2/repository/com/google/guava/listenablefuture/9999.0-empty-to-avoid-conflict-with-guava/listenablefuture-9999.0-empty-to-avoid-conflict-with-guava.jar:/Users/benedict.idonije/.m2/repository/com/google/code/findbugs/jsr305/3.0.2/jsr305-3.0.2.jar:/Users/benedict.idonije/.m2/repository/org/checkerframework/checker-qual/3.12.0/checker-qual-3.12.0.jar:/Users/benedict.idonije/.m2/repository/com/google/errorprone/error_prone_annotations/2.7.1/error_prone_annotations-2.7.1.jar:/Users/benedict.idonije/.m2/repository/com/google/j2objc/j2objc-annotations/1.3/j2objc-annotations-1.3.jar:/Users/benedict.idonije/.m2/repository/org/seleniumhq/selenium/selenium-json/4.0.0/selenium-json-4.0.0.jar:/Users/benedict.idonije/.m2/repository/org/seleniumhq/selenium/selenium-chrome-driver/4.0.0/selenium-chrome-driver-4.0.0.jar:/Users/benedict.idonije/.m2/repository/org/seleniumhq/selenium/selenium-chromium-driver/4.0.0/selenium-chromium-driver-4.0.0.jar:/Users/benedict.idonije/.m2/repository/org/hamcrest/hamcrest-all/1.3/hamcrest-all-1.3.jar:/Users/benedict.idonije/.m2/repository/org/hamcrest/hamcrest-library/1.3/hamcrest-library-1.3.jar:/Users/benedict.idonije/.m2/repository/org/hamcrest/hamcrest-core/1.3/hamcrest-core-1.3.jar:/Users/benedict.idonije/.m2/repository/org/apache/cassandra/cassandra-all/0.8.1/cassandra-all-0.8.1.jar:/Users/benedict.idonije/.m2/repository/commons-cli/commons-cli/1.1/commons-cli-1.1.jar:/Users/benedict.idonije/.m2/repository/commons-codec/commons-codec/1.2/commons-codec-1.2.jar:/Users/benedict.idonije/.m2/repository/commons-collections/commons-collections/3.2.1/commons-collections-3.2.1.jar:/Users/benedict.idonije/.m2/repository/commons-lang/commons-lang/2.4/commons-lang-2.4.jar:/Users/benedict.idonije/.m2/repository/com/googlecode/concurrentlinkedhashmap/concurrentlinkedhashmap-lru/1.1/concurrentlinkedhashmap-lru-1.1.jar:/Users/benedict.idonije/.m2/repository/org/antlr/antlr/3.2/antlr-3.2.jar:/Users/benedict.idonije/.m2/repository/org/antlr/antlr-runtime/3.2/antlr-runtime-3.2.jar:/Users/benedict.idonije/.m2/repository/org/antlr/stringtemplate/3.2/stringtemplate-3.2.jar:/Users/benedict.idonije/.m2/repository/antlr/antlr/2.7.7/antlr-2.7.7.jar:/Users/benedict.idonije/.m2/repository/org/slf4j/slf4j-api/1.6.1/slf4j-api-1.6.1.jar:/Users/benedict.idonije/.m2/repository/org/apache/cassandra/deps/avro/1.4.0-cassandra-1/avro-1.4.0-cassandra-1.jar:/Users/benedict.idonije/.m2/repository/org/mortbay/jetty/jetty/6.1.22/jetty-6.1.22.jar:/Users/benedict.idonije/.m2/repository/org/mortbay/jetty/jetty-util/6.1.22/jetty-util-6.1.22.jar:/Users/benedict.idonije/.m2/repository/org/mortbay/jetty/servlet-api/2.5-20081211/servlet-api-2.5-20081211.jar:/Users/benedict.idonije/.m2/repository/org/codehaus/jackson/jackson-core-asl/1.4.0/jackson-core-asl-1.4.0.jar:/Users/benedict.idonije/.m2/repository/org/codehaus/jackson/jackson-mapper-asl/1.4.0/jackson-mapper-asl-1.4.0.jar:/Users/benedict.idonije/.m2/repository/jline/jline/0.9.94/jline-0.9.94.jar:/Users/benedict.idonije/.m2/repository/com/googlecode/json-simple/json-simple/1.1/json-simple-1.1.jar:/Users/benedict.idonije/.m2/repository/com/github/stephenc/high-scale-lib/high-scale-lib/1.1.2/high-scale-lib-1.1.2.jar:/Users/benedict.idonije/.m2/repository/org/apache/thrift/libthrift/0.6.1/libthrift-0.6.1.jar:/Users/benedict.idonije/.m2/repository/javax/servlet/servlet-api/2.5/servlet-api-2.5.jar:/Users/benedict.idonije/.m2/repository/org/apache/httpcomponents/httpclient/4.0.1/httpclient-4.0.1.jar:/Users/benedict.idonije/.m2/repository/org/apache/httpcomponents/httpcore/4.0.1/httpcore-4.0.1.jar:/Users/benedict.idonije/.m2/repository/commons-logging/commons-logging/1.1.1/commons-logging-1.1.1.jar:/Users/benedict.idonije/.m2/repository/org/apache/cassandra/cassandra-thrift/0.8.1/cassandra-thrift-0.8.1.jar:/Users/benedict.idonije/.m2/repository/com/github/stephenc/jamm/0.2.2/jamm-0.2.2.jar:"/>
    <property name="java.vm.vendor" value="Oracle Corporation"/>
    <property name="sun.arch.data.model" value="64"/>
    <property name="java.vendor.url" value="https://java.oracle.com/"/>
    <property name="os.name" value="Mac OS X"/>
    <property name="java.vm.specification.version" value="17"/>
    <property name="sun.java.launcher" value="SUN_STANDARD"/>
    <property name="user.country" value="GB"/>
    <property name="sun.boot.library.path" value="/Library/Java/JavaVirtualMachines/jdk-17.0.1.jdk/Contents/Home/lib"/>
    <property name="sun.java.command" value="/Users/benedict.idonije/git/policy-expert-project/target/surefire/surefirebooter10460741637962728546.jar /Users/benedict.idonije/git/policy-expert-project/target/surefire 2022-01-24T12-52-10_358-jvmRun1 surefire15400211021627645366tmp surefire_015591136595280969964tmp"/>
    <property name="http.nonProxyHosts" value="local|*.local|169.254/16|*.169.254/16"/>
    <property name="jdk.debug" value="release"/>
    <property name="surefire.test.class.path" value="/Users/benedict.idonije/git/policy-expert-project/target/test-classes:/Users/benedict.idonije/git/policy-expert-project/target/classes:/Users/benedict.idonije/.m2/repository/org/testng/testng/7.3.0/testng-7.3.0.jar:/Users/benedict.idonije/.m2/repository/com/beust/jcommander/1.78/jcommander-1.78.jar:/Users/benedict.idonije/.m2/repository/org/apache/ant/ant/1.10.3/ant-1.10.3.jar:/Users/benedict.idonije/.m2/repository/org/apache/ant/ant-launcher/1.10.3/ant-launcher-1.10.3.jar:/Users/benedict.idonije/.m2/repository/junit/junit/4.12/junit-4.12.jar:/Users/benedict.idonije/.m2/repository/com/google/inject/guice/4.2.2/guice-4.2.2-no_aop.jar:/Users/benedict.idonije/.m2/repository/javax/inject/javax.inject/1/javax.inject-1.jar:/Users/benedict.idonije/.m2/repository/aopalliance/aopalliance/1.0/aopalliance-1.0.jar:/Users/benedict.idonije/.m2/repository/org/yaml/snakeyaml/1.21/snakeyaml-1.21.jar:/Users/benedict.idonije/.m2/repository/org/seleniumhq/selenium/selenium-java/4.0.0/selenium-java-4.0.0.jar:/Users/benedict.idonije/.m2/repository/org/seleniumhq/selenium/selenium-api/4.0.0/selenium-api-4.0.0.jar:/Users/benedict.idonije/.m2/repository/org/seleniumhq/selenium/selenium-devtools-v85/4.0.0/selenium-devtools-v85-4.0.0.jar:/Users/benedict.idonije/.m2/repository/org/seleniumhq/selenium/selenium-devtools-v93/4.0.0/selenium-devtools-v93-4.0.0.jar:/Users/benedict.idonije/.m2/repository/org/seleniumhq/selenium/selenium-devtools-v94/4.0.0/selenium-devtools-v94-4.0.0.jar:/Users/benedict.idonije/.m2/repository/org/seleniumhq/selenium/selenium-devtools-v95/4.0.0/selenium-devtools-v95-4.0.0.jar:/Users/benedict.idonije/.m2/repository/org/seleniumhq/selenium/selenium-edge-driver/4.0.0/selenium-edge-driver-4.0.0.jar:/Users/benedict.idonije/.m2/repository/org/seleniumhq/selenium/selenium-firefox-xpi-driver/4.0.0/selenium-firefox-xpi-driver-4.0.0.jar:/Users/benedict.idonije/.m2/repository/org/seleniumhq/selenium/selenium-ie-driver/4.0.0/selenium-ie-driver-4.0.0.jar:/Users/benedict.idonije/.m2/repository/org/seleniumhq/selenium/selenium-opera-driver/4.0.0/selenium-opera-driver-4.0.0.jar:/Users/benedict.idonije/.m2/repository/org/seleniumhq/selenium/selenium-remote-driver/4.0.0/selenium-remote-driver-4.0.0.jar:/Users/benedict.idonije/.m2/repository/io/netty/netty-buffer/4.1.68.Final/netty-buffer-4.1.68.Final.jar:/Users/benedict.idonije/.m2/repository/io/netty/netty-codec-http/4.1.67.Final/netty-codec-http-4.1.67.Final.jar:/Users/benedict.idonije/.m2/repository/io/netty/netty-codec/4.1.67.Final/netty-codec-4.1.67.Final.jar:/Users/benedict.idonije/.m2/repository/io/netty/netty-handler/4.1.67.Final/netty-handler-4.1.67.Final.jar:/Users/benedict.idonije/.m2/repository/io/netty/netty-common/4.1.68.Final/netty-common-4.1.68.Final.jar:/Users/benedict.idonije/.m2/repository/io/netty/netty-transport-native-epoll/4.1.67.Final/netty-transport-native-epoll-4.1.67.Final.jar:/Users/benedict.idonije/.m2/repository/io/netty/netty-transport-native-kqueue/4.1.67.Final/netty-transport-native-kqueue-4.1.67.Final.jar:/Users/benedict.idonije/.m2/repository/io/netty/netty-transport-native-unix-common/4.1.67.Final/netty-transport-native-unix-common-4.1.67.Final.jar:/Users/benedict.idonije/.m2/repository/io/netty/netty-transport/4.1.68.Final/netty-transport-4.1.68.Final.jar:/Users/benedict.idonije/.m2/repository/io/netty/netty-resolver/4.1.68.Final/netty-resolver-4.1.68.Final.jar:/Users/benedict.idonije/.m2/repository/io/opentelemetry/opentelemetry-api/1.6.0/opentelemetry-api-1.6.0.jar:/Users/benedict.idonije/.m2/repository/io/opentelemetry/opentelemetry-context/1.6.0/opentelemetry-context-1.6.0.jar:/Users/benedict.idonije/.m2/repository/io/opentelemetry/opentelemetry-exporter-logging/1.6.0/opentelemetry-exporter-logging-1.6.0.jar:/Users/benedict.idonije/.m2/repository/io/opentelemetry/opentelemetry-sdk-metrics/1.6.0-alpha/opentelemetry-sdk-metrics-1.6.0-alpha.jar:/Users/benedict.idonije/.m2/repository/io/opentelemetry/opentelemetry-sdk-common/1.6.0/opentelemetry-sdk-common-1.6.0.jar:/Users/benedict.idonije/.m2/repository/io/opentelemetry/opentelemetry-sdk-extension-autoconfigure-spi/1.6.0/opentelemetry-sdk-extension-autoconfigure-spi-1.6.0.jar:/Users/benedict.idonije/.m2/repository/io/opentelemetry/opentelemetry-sdk-extension-autoconfigure/1.6.0-alpha/opentelemetry-sdk-extension-autoconfigure-1.6.0-alpha.jar:/Users/benedict.idonije/.m2/repository/io/opentelemetry/opentelemetry-sdk-trace/1.6.0/opentelemetry-sdk-trace-1.6.0.jar:/Users/benedict.idonije/.m2/repository/io/opentelemetry/opentelemetry-api-metrics/1.6.0-alpha/opentelemetry-api-metrics-1.6.0-alpha.jar:/Users/benedict.idonije/.m2/repository/io/opentelemetry/opentelemetry-sdk/1.6.0/opentelemetry-sdk-1.6.0.jar:/Users/benedict.idonije/.m2/repository/io/opentelemetry/opentelemetry-semconv/1.6.0-alpha/opentelemetry-semconv-1.6.0-alpha.jar:/Users/benedict.idonije/.m2/repository/io/ous/jtoml/2.0.0/jtoml-2.0.0.jar:/Users/benedict.idonije/.m2/repository/net/bytebuddy/byte-buddy/1.11.19/byte-buddy-1.11.19.jar:/Users/benedict.idonije/.m2/repository/org/apache/commons/commons-exec/1.3/commons-exec-1.3.jar:/Users/benedict.idonije/.m2/repository/org/asynchttpclient/async-http-client/2.12.3/async-http-client-2.12.3.jar:/Users/benedict.idonije/.m2/repository/org/asynchttpclient/async-http-client-netty-utils/2.12.3/async-http-client-netty-utils-2.12.3.jar:/Users/benedict.idonije/.m2/repository/io/netty/netty-codec-socks/4.1.60.Final/netty-codec-socks-4.1.60.Final.jar:/Users/benedict.idonije/.m2/repository/io/netty/netty-handler-proxy/4.1.60.Final/netty-handler-proxy-4.1.60.Final.jar:/Users/benedict.idonije/.m2/repository/io/netty/netty-transport-native-epoll/4.1.60.Final/netty-transport-native-epoll-4.1.60.Final-linux-x86_64.jar:/Users/benedict.idonije/.m2/repository/io/netty/netty-transport-native-kqueue/4.1.60.Final/netty-transport-native-kqueue-4.1.60.Final-osx-x86_64.jar:/Users/benedict.idonije/.m2/repository/org/reactivestreams/reactive-streams/1.0.3/reactive-streams-1.0.3.jar:/Users/benedict.idonije/.m2/repository/com/typesafe/netty/netty-reactive-streams/2.0.4/netty-reactive-streams-2.0.4.jar:/Users/benedict.idonije/.m2/repository/com/sun/activation/jakarta.activation/1.2.2/jakarta.activation-1.2.2.jar:/Users/benedict.idonije/.m2/repository/org/seleniumhq/selenium/selenium-http/4.0.0/selenium-http-4.0.0.jar:/Users/benedict.idonije/.m2/repository/org/seleniumhq/selenium/selenium-safari-driver/4.0.0/selenium-safari-driver-4.0.0.jar:/Users/benedict.idonije/.m2/repository/org/seleniumhq/selenium/selenium-support/4.0.0/selenium-support-4.0.0.jar:/Users/benedict.idonije/.m2/repository/org/seleniumhq/selenium/selenium-firefox-driver/4.0.0/selenium-firefox-driver-4.0.0.jar:/Users/benedict.idonije/.m2/repository/com/google/auto/service/auto-service-annotations/1.0/auto-service-annotations-1.0.jar:/Users/benedict.idonije/.m2/repository/com/google/auto/service/auto-service/1.0/auto-service-1.0.jar:/Users/benedict.idonije/.m2/repository/com/google/auto/auto-common/1.0/auto-common-1.0.jar:/Users/benedict.idonije/.m2/repository/com/google/guava/guava/31.0.1-jre/guava-31.0.1-jre.jar:/Users/benedict.idonije/.m2/repository/com/google/guava/failureaccess/1.0.1/failureaccess-1.0.1.jar:/Users/benedict.idonije/.m2/repository/com/google/guava/listenablefuture/9999.0-empty-to-avoid-conflict-with-guava/listenablefuture-9999.0-empty-to-avoid-conflict-with-guava.jar:/Users/benedict.idonije/.m2/repository/com/google/code/findbugs/jsr305/3.0.2/jsr305-3.0.2.jar:/Users/benedict.idonije/.m2/repository/org/checkerframework/checker-qual/3.12.0/checker-qual-3.12.0.jar:/Users/benedict.idonije/.m2/repository/com/google/errorprone/error_prone_annotations/2.7.1/error_prone_annotations-2.7.1.jar:/Users/benedict.idonije/.m2/repository/com/google/j2objc/j2objc-annotations/1.3/j2objc-annotations-1.3.jar:/Users/benedict.idonije/.m2/repository/org/seleniumhq/selenium/selenium-json/4.0.0/selenium-json-4.0.0.jar:/Users/benedict.idonije/.m2/repository/org/seleniumhq/selenium/selenium-chrome-driver/4.0.0/selenium-chrome-driver-4.0.0.jar:/Users/benedict.idonije/.m2/repository/org/seleniumhq/selenium/selenium-chromium-driver/4.0.0/selenium-chromium-driver-4.0.0.jar:/Users/benedict.idonije/.m2/repository/org/hamcrest/hamcrest-all/1.3/hamcrest-all-1.3.jar:/Users/benedict.idonije/.m2/repository/org/hamcrest/hamcrest-library/1.3/hamcrest-library-1.3.jar:/Users/benedict.idonije/.m2/repository/org/hamcrest/hamcrest-core/1.3/hamcrest-core-1.3.jar:/Users/benedict.idonije/.m2/repository/org/apache/cassandra/cassandra-all/0.8.1/cassandra-all-0.8.1.jar:/Users/benedict.idonije/.m2/repository/commons-cli/commons-cli/1.1/commons-cli-1.1.jar:/Users/benedict.idonije/.m2/repository/commons-codec/commons-codec/1.2/commons-codec-1.2.jar:/Users/benedict.idonije/.m2/repository/commons-collections/commons-collections/3.2.1/commons-collections-3.2.1.jar:/Users/benedict.idonije/.m2/repository/commons-lang/commons-lang/2.4/commons-lang-2.4.jar:/Users/benedict.idonije/.m2/repository/com/googlecode/concurrentlinkedhashmap/concurrentlinkedhashmap-lru/1.1/concurrentlinkedhashmap-lru-1.1.jar:/Users/benedict.idonije/.m2/repository/org/antlr/antlr/3.2/antlr-3.2.jar:/Users/benedict.idonije/.m2/repository/org/antlr/antlr-runtime/3.2/antlr-runtime-3.2.jar:/Users/benedict.idonije/.m2/repository/org/antlr/stringtemplate/3.2/stringtemplate-3.2.jar:/Users/benedict.idonije/.m2/repository/antlr/antlr/2.7.7/antlr-2.7.7.jar:/Users/benedict.idonije/.m2/repository/org/slf4j/slf4j-api/1.6.1/slf4j-api-1.6.1.jar:/Users/benedict.idonije/.m2/repository/org/apache/cassandra/deps/avro/1.4.0-cassandra-1/avro-1.4.0-cassandra-1.jar:/Users/benedict.idonije/.m2/repository/org/mortbay/jetty/jetty/6.1.22/jetty-6.1.22.jar:/Users/benedict.idonije/.m2/repository/org/mortbay/jetty/jetty-util/6.1.22/jetty-util-6.1.22.jar:/Users/benedict.idonije/.m2/repository/org/mortbay/jetty/servlet-api/2.5-20081211/servlet-api-2.5-20081211.jar:/Users/benedict.idonije/.m2/repository/org/codehaus/jackson/jackson-core-asl/1.4.0/jackson-core-asl-1.4.0.jar:/Users/benedict.idonije/.m2/repository/org/codehaus/jackson/jackson-mapper-asl/1.4.0/jackson-mapper-asl-1.4.0.jar:/Users/benedict.idonije/.m2/repository/jline/jline/0.9.94/jline-0.9.94.jar:/Users/benedict.idonije/.m2/repository/com/googlecode/json-simple/json-simple/1.1/json-simple-1.1.jar:/Users/benedict.idonije/.m2/repository/com/github/stephenc/high-scale-lib/high-scale-lib/1.1.2/high-scale-lib-1.1.2.jar:/Users/benedict.idonije/.m2/repository/org/apache/thrift/libthrift/0.6.1/libthrift-0.6.1.jar:/Users/benedict.idonije/.m2/repository/javax/servlet/servlet-api/2.5/servlet-api-2.5.jar:/Users/benedict.idonije/.m2/repository/org/apache/httpcomponents/httpclient/4.0.1/httpclient-4.0.1.jar:/Users/benedict.idonije/.m2/repository/org/apache/httpcomponents/httpcore/4.0.1/httpcore-4.0.1.jar:/Users/benedict.idonije/.m2/repository/commons-logging/commons-logging/1.1.1/commons-logging-1.1.1.jar:/Users/benedict.idonije/.m2/repository/org/apache/cassandra/cassandra-thrift/0.8.1/cassandra-thrift-0.8.1.jar:/Users/benedict.idonije/.m2/repository/com/github/stephenc/jamm/0.2.2/jamm-0.2.2.jar:"/>
    <property name="sun.cpu.endian" value="little"/>
    <property name="user.home" value="/Users/benedict.idonije"/>
    <property name="user.language" value="en"/>
    <property name="java.specification.vendor" value="Oracle Corporation"/>
    <property name="java.version.date" value="2021-10-19"/>
    <property name="java.home" value="/Library/Java/JavaVirtualMachines/jdk-17.0.1.jdk/Contents/Home"/>
    <property name="file.separator" value="/"/>
    <property name="basedir" value="/Users/benedict.idonije/git/policy-expert-project"/>
    <property name="java.vm.compressedOopsMode" value="Zero based"/>
    <property name="line.separator" value="&#10;"/>
    <property name="java.specification.name" value="Java Platform API Specification"/>
    <property name="java.vm.specification.vendor" value="Oracle Corporation"/>
    <property name="surefire.real.class.path" value="/Users/benedict.idonije/git/policy-expert-project/target/surefire/surefirebooter10460741637962728546.jar"/>
    <property name="sun.management.compiler" value="HotSpot 64-Bit Tiered Compilers"/>
    <property name="ftp.nonProxyHosts" value="local|*.local|169.254/16|*.169.254/16"/>
    <property name="java.runtime.version" value="17.0.1+12-LTS-39"/>
    <property name="user.name" value="benedict.idonije"/>
    <property name="path.separator" value=":"/>
    <property name="os.version" value="11.5.2"/>
    <property name="java.runtime.name" value="Java(TM) SE Runtime Environment"/>
    <property name="file.encoding" value="UTF-8"/>
    <property name="java.vm.name" value="Java HotSpot(TM) 64-Bit Server VM"/>
    <property name="localRepository" value="/Users/benedict.idonije/.m2/repository"/>
    <property name="java.vendor.url.bug" value="https://bugreport.java.com/bugreport/"/>
    <property name="java.io.tmpdir" value="/var/folders/4s/9sq7v_0n75lbmvvj4m0f7wqc_5ql0z/T/"/>
    <property name="java.version" value="17.0.1"/>
    <property name="user.dir" value="/Users/benedict.idonije/git/policy-expert-project"/>
    <property name="os.arch" value="x86_64"/>
    <property name="java.vm.specification.name" value="Java Virtual Machine Specification"/>
    <property name="native.encoding" value="UTF-8"/>
    <property name="java.library.path" value="/Users/benedict.idonije/Library/Java/Extensions:/Library/Java/Extensions:/Network/Library/Java/Extensions:/System/Library/Java/Extensions:/usr/lib/java:."/>
    <property name="java.vm.info" value="mixed mode, sharing"/>
    <property name="java.vendor" value="Oracle Corporation"/>
    <property name="java.vm.version" value="17.0.1+12-LTS-39"/>
    <property name="sun.io.unicode.encoding" value="UnicodeBig"/>
    <property name="socksNonProxyHosts" value="local|*.local|169.254/16|*.169.254/16"/>
    <property name="java.class.version" value="61.0"/>
  </properties>
  <testcase name="fillForm" classname="uk.co.policyexpert.HomeEnquiryFormTest" time="5.395">
    <failure message="Cannot locate option with text: March&#10;For documentation on this error, please visit: https://selenium.dev/exceptions/#no_such_element&#10;Build info: version: &apos;4.0.0&apos;, revision: &apos;3a21814679&apos;&#10;System info: host: &apos;C02XD5ANJG5J&apos;, ip: &apos;192.168.0.14&apos;, os.name: &apos;Mac OS X&apos;, os.arch: &apos;x86_64&apos;, os.version: &apos;11.5.2&apos;, java.version: &apos;17.0.1&apos;&#10;Driver info: driver.version: unknown" type="org.openqa.selenium.NoSuchElementException">org.openqa.selenium.NoSuchElementException: 
Cannot locate option with text: March
For documentation on this error, please visit: https://selenium.dev/exceptions/#no_such_element
Build info: version: '4.0.0', revision: '3a21814679'
System info: host: 'C02XD5ANJG5J', ip: '192.168.0.14', os.name: 'Mac OS X', os.arch: 'x86_64', os.version: '11.5.2', java.version: '17.0.1'
Driver info: driver.version: unknown
	at uk.co.policyexpert.HomeEnquiryFormTest.fillForm(HomeEnquiryFormTest.java:24)
</failure>
    <system-out><![CDATA[Test starts Running in Google chrome browser.
]]></system-out>
    <system-err><![CDATA[SLF4J: Failed to load class "org.slf4j.impl.StaticLoggerBinder".
SLF4J: Defaulting to no-operation (NOP) logger implementation
SLF4J: See http://www.slf4j.org/codes.html#StaticLoggerBinder for further details.
Starting ChromeDriver 96.0.4664.45 (76e4c1bb2ab4671b8beba3444e61c0f17584b2fc-refs/branch-heads/4664@{#947}) on port 64640
Only local connections are allowed.
Please see https://chromedriver.chromium.org/security-considerations for suggestions on keeping ChromeDriver safe.
ChromeDriver was started successfully.
[1643028736.808][WARNING]: This version of ChromeDriver has not been tested with Chrome version 97.
Jan 24, 2022 12:52:17 PM org.openqa.selenium.remote.ProtocolHandshake createSession
INFO: Detected dialect: W3C
Jan 24, 2022 12:52:17 PM org.openqa.selenium.devtools.CdpVersionFinder findNearestMatch
WARNING: Unable to find an exact match for CDP version 97, so returning the closest version found: 95
Jan 24, 2022 12:52:17 PM org.openqa.selenium.devtools.CdpVersionFinder findNearestMatch
INFO: Found CDP implementation for version 97 of 95
]]></system-err>
  </testcase>
  <testcase name="fillForm" classname="uk.co.policyexpert.HomeEnquiryFormTest" time="1.184">
    <failure message="Cannot locate option with text: March&#10;For documentation on this error, please visit: https://selenium.dev/exceptions/#no_such_element&#10;Build info: version: &apos;4.0.0&apos;, revision: &apos;3a21814679&apos;&#10;System info: host: &apos;C02XD5ANJG5J&apos;, ip: &apos;192.168.0.14&apos;, os.name: &apos;Mac OS X&apos;, os.arch: &apos;x86_64&apos;, os.version: &apos;11.5.2&apos;, java.version: &apos;17.0.1&apos;&#10;Driver info: driver.version: unknown" type="org.openqa.selenium.NoSuchElementException">org.openqa.selenium.NoSuchElementException: 
Cannot locate option with text: March
For documentation on this error, please visit: https://selenium.dev/exceptions/#no_such_element
Build info: version: '4.0.0', revision: '3a21814679'
System info: host: 'C02XD5ANJG5J', ip: '192.168.0.14', os.name: 'Mac OS X', os.arch: 'x86_64', os.version: '11.5.2', java.version: '17.0.1'
Driver info: driver.version: unknown
	at uk.co.policyexpert.HomeEnquiryFormTest.fillForm(HomeEnquiryFormTest.java:24)
</failure>
    <system-out><![CDATA[Driver closed
Test starts Running In Firefox browser.
]]></system-out>
    <system-err><![CDATA[1643028748591	geckodriver	INFO	Listening on 127.0.0.1:52261
1643028749680	mozrunner::runner	INFO	Running command: "/Applications/Firefox.app/Contents/MacOS/firefox-bin" "--marionette" "--remote-debugging-port" "59501" "-foreground" "-no-remote" "-profile" "/var/folders/4s/9sq7v_0n75lbmvvj4m0f7wqc_5ql0z/T/rust_mozprofilerPg3l7"
/Applications/Firefox.app/Contents/Resources/defaults/pref/all.js:2: prefs parse error: unexpected character
1643028751057	Marionette	INFO	Marionette enabled
2022-01-24 12:52:33.135 firefox-bin[82739:11815336] Warning: Expected min height of view: (<NSButton: 0x12c216400>) to be less than or equal to 30 but got a height of 32.000000. This error will be logged once per view in violation.
2022-01-24 12:52:33.136 firefox-bin[82739:11815336] Warning: Expected min height of view: (<NSButton: 0x12c217000>) to be less than or equal to 30 but got a height of 32.000000. This error will be logged once per view in violation.
2022-01-24 12:52:33.137 firefox-bin[82739:11815336] Warning: Expected min height of view: (<NSButton: 0x12c214c00>) to be less than or equal to 30 but got a height of 32.000000. This error will be logged once per view in violation.
2022-01-24 12:52:33.139 firefox-bin[82739:11815336] Warning: Expected min height of view: (<NSButton: 0x12c217c00>) to be less than or equal to 30 but got a height of 32.000000. This error will be logged once per view in violation.
2022-01-24 12:52:33.140 firefox-bin[82739:11815336] Warning: Expected min height of view: (<NSButton: 0x12c218000>) to be less than or equal to 30 but got a height of 32.000000. This error will be logged once per view in violation.
2022-01-24 12:52:33.141 firefox-bin[82739:11815336] Warning: Expected min height of view: (<NSPopoverTouchBarItemButton: 0x12c21a400>) to be less than or equal to 30 but got a height of 32.000000. This error will be logged once per view in violation.
2022-01-24 12:52:33.143 firefox-bin[82739:11815336] Warning: Expected min height of view: (<NSPopoverTouchBarItemButton: 0x12c580c00>) to be less than or equal to 30 but got a height of 32.000000. This error will be logged once per view in violation.
console.warn: SearchSettings: "get: No settings file exists, new profile?" (new NotFoundError("Could not open the file at /var/folders/4s/9sq7v_0n75lbmvvj4m0f7wqc_5ql0z/T/rust_mozprofilerPg3l7/search.json.mozlz4", (void 0)))
console.error: BackgroundUpdate: 
  _reasonsToNotScheduleUpdates: Failed to check for Maintenance Service Registry Key: [Exception... "Component returned failure code: 0x80004001 (NS_ERROR_NOT_IMPLEMENTED) [nsIUpdateProcessor.getServiceRegKeyExists]"  nsresult: "0x80004001 (NS_ERROR_NOT_IMPLEMENTED)"  location: "JS frame :: resource://gre/modules/BackgroundUpdate.jsm :: _reasonsToNotScheduleUpdates :: line 243"  data: no]
DevTools listening on ws://localhost:59501/devtools/browser/34e9e6b7-8c3a-dc4a-bf59-c6f4b4f65545
1643028755532	Marionette	INFO	Listening on port 63602
1643028755630	RemoteAgent	WARN	TLS certificate errors will be ignored for this session
Jan 24, 2022 12:52:35 PM org.openqa.selenium.remote.ProtocolHandshake createSession
INFO: Detected dialect: W3C
1643028756619	Marionette	WARN	Ignoring event 'DOMContentLoaded' because document has an invalid readyState of 'complete'.
]]></system-err>
  </testcase>
</testsuite>