<?xml version="1.0" encoding="UTF-8"?>
<testsuite xmlns:xsi="http://www.w3.org/2001/XMLSchema-instance" xsi:noNamespaceSchemaLocation="https://maven.apache.org/surefire/maven-surefire-plugin/xsd/surefire-test-report.xsd" name="TestSuite" time="38.955" tests="3" errors="0" skipped="0" failures="0">
  <properties>
    <property name="java.specification.version" value="17"/>
    <property name="sun.jnu.encoding" value="UTF-8"/>
    <property name="java.class.path" value="/Users/benedict.idonije/git/policy-expert-project/target/test-classes:/Users/benedict.idonije/git/policy-expert-project/target/classes:/Users/benedict.idonije/.m2/repository/org/testng/testng/7.3.0/testng-7.3.0.jar:/Users/benedict.idonije/.m2/repository/com/beust/jcommander/1.78/jcommander-1.78.jar:/Users/benedict.idonije/.m2/repository/org/apache/ant/ant/1.10.3/ant-1.10.3.jar:/Users/benedict.idonije/.m2/repository/org/apache/ant/ant-launcher/1.10.3/ant-launcher-1.10.3.jar:/Users/benedict.idonije/.m2/repository/junit/junit/4.12/junit-4.12.jar:/Users/benedict.idonije/.m2/repository/com/google/inject/guice/4.2.2/guice-4.2.2-no_aop.jar:/Users/benedict.idonije/.m2/repository/javax/inject/javax.inject/1/javax.inject-1.jar:/Users/benedict.idonije/.m2/repository/aopalliance/aopalliance/1.0/aopalliance-1.0.jar:/Users/benedict.idonije/.m2/repository/org/yaml/snakeyaml/1.21/snakeyaml-1.21.jar:/Users/benedict.idonije/.m2/repository/org/seleniumhq/selenium/selenium-java/4.0.0/selenium-java-4.0.0.jar:/Users/benedict.idonije/.m2/repository/org/seleniumhq/selenium/selenium-api/4.0.0/selenium-api-4.0.0.jar:/Users/benedict.idonije/.m2/repository/org/seleniumhq/selenium/selenium-devtools-v85/4.0.0/selenium-devtools-v85-4.0.0.jar:/Users/benedict.idonije/.m2/repository/org/seleniumhq/selenium/selenium-devtools-v93/4.0.0/selenium-devtools-v93-4.0.0.jar:/Users/benedict.idonije/.m2/repository/org/seleniumhq/selenium/selenium-devtools-v94/4.0.0/selenium-devtools-v94-4.0.0.jar:/Users/benedict.idonije/.m2/repository/org/seleniumhq/selenium/selenium-devtools-v95/4.0.0/selenium-devtools-v95-4.0.0.jar:/Users/benedict.idonije/.m2/repository/org/seleniumhq/selenium/selenium-edge-driver/4.0.0/selenium-edge-driver-4.0.0.jar:/Users/benedict.idonije/.m2/repository/org/seleniumhq/selenium/selenium-firefox-xpi-driver/4.0.0/selenium-firefox-xpi-driver-4.0.0.jar:/Users/benedict.idonije/.m2/repository/org/seleniumhq/selenium/selenium-ie-driver/4.0.0/selenium-ie-driver-4.0.0.jar:/Users/benedict.idonije/.m2/repository/org/seleniumhq/selenium/selenium-opera-driver/4.0.0/selenium-opera-driver-4.0.0.jar:/Users/benedict.idonije/.m2/repository/org/seleniumhq/selenium/selenium-remote-driver/4.0.0/selenium-remote-driver-4.0.0.jar:/Users/benedict.idonije/.m2/repository/io/netty/netty-buffer/4.1.68.Final/netty-buffer-4.1.68.Final.jar:/Users/benedict.idonije/.m2/repository/io/netty/netty-codec-http/4.1.67.Final/netty-codec-http-4.1.67.Final.jar:/Users/benedict.idonije/.m2/repository/io/netty/netty-codec/4.1.67.Final/netty-codec-4.1.67.Final.jar:/Users/benedict.idonije/.m2/repository/io/netty/netty-handler/4.1.67.Final/netty-handler-4.1.67.Final.jar:/Users/benedict.idonije/.m2/repository/io/netty/netty-common/4.1.68.Final/netty-common-4.1.68.Final.jar:/Users/benedict.idonije/.m2/repository/io/netty/netty-transport-native-epoll/4.1.67.Final/netty-transport-native-epoll-4.1.67.Final.jar:/Users/benedict.idonije/.m2/repository/io/netty/netty-transport-native-kqueue/4.1.67.Final/netty-transport-native-kqueue-4.1.67.Final.jar:/Users/benedict.idonije/.m2/repository/io/netty/netty-transport-native-unix-common/4.1.67.Final/netty-transport-native-unix-common-4.1.67.Final.jar:/Users/benedict.idonije/.m2/repository/io/netty/netty-transport/4.1.68.Final/netty-transport-4.1.68.Final.jar:/Users/benedict.idonije/.m2/repository/io/netty/netty-resolver/4.1.68.Final/netty-resolver-4.1.68.Final.jar:/Users/benedict.idonije/.m2/repository/io/opentelemetry/opentelemetry-api/1.6.0/opentelemetry-api-1.6.0.jar:/Users/benedict.idonije/.m2/repository/io/opentelemetry/opentelemetry-context/1.6.0/opentelemetry-context-1.6.0.jar:/Users/benedict.idonije/.m2/repository/io/opentelemetry/opentelemetry-exporter-logging/1.6.0/opentelemetry-exporter-logging-1.6.0.jar:/Users/benedict.idonije/.m2/repository/io/opentelemetry/opentelemetry-sdk-metrics/1.6.0-alpha/opentelemetry-sdk-metrics-1.6.0-alpha.jar:/Users/benedict.idonije/.m2/repository/io/opentelemetry/opentelemetry-sdk-common/1.6.0/opentelemetry-sdk-common-1.6.0.jar:/Users/benedict.idonije/.m2/repository/io/opentelemetry/opentelemetry-sdk-extension-autoconfigure-spi/1.6.0/opentelemetry-sdk-extension-autoconfigure-spi-1.6.0.jar:/Users/benedict.idonije/.m2/repository/io/opentelemetry/opentelemetry-sdk-extension-autoconfigure/1.6.0-alpha/opentelemetry-sdk-extension-autoconfigure-1.6.0-alpha.jar:/Users/benedict.idonije/.m2/repository/io/opentelemetry/opentelemetry-sdk-trace/1.6.0/opentelemetry-sdk-trace-1.6.0.jar:/Users/benedict.idonije/.m2/repository/io/opentelemetry/opentelemetry-api-metrics/1.6.0-alpha/opentelemetry-api-metrics-1.6.0-alpha.jar:/Users/benedict.idonije/.m2/repository/io/opentelemetry/opentelemetry-sdk/1.6.0/opentelemetry-sdk-1.6.0.jar:/Users/benedict.idonije/.m2/repository/io/opentelemetry/opentelemetry-semconv/1.6.0-alpha/opentelemetry-semconv-1.6.0-alpha.jar:/Users/benedict.idonije/.m2/repository/io/ous/jtoml/2.0.0/jtoml-2.0.0.jar:/Users/benedict.idonije/.m2/repository/net/bytebuddy/byte-buddy/1.11.19/byte-buddy-1.11.19.jar:/Users/benedict.idonije/.m2/repository/org/apache/commons/commons-exec/1.3/commons-exec-1.3.jar:/Users/benedict.idonije/.m2/repository/org/asynchttpclient/async-http-client/2.12.3/async-http-client-2.12.3.jar:/Users/benedict.idonije/.m2/repository/org/asynchttpclient/async-http-client-netty-utils/2.12.3/async-http-client-netty-utils-2.12.3.jar:/Users/benedict.idonije/.m2/repository/io/netty/netty-codec-socks/4.1.60.Final/netty-codec-socks-4.1.60.Final.jar:/Users/benedict.idonije/.m2/repository/io/netty/netty-handler-proxy/4.1.60.Final/netty-handler-proxy-4.1.60.Final.jar:/Users/benedict.idonije/.m2/repository/io/netty/netty-transport-native-epoll/4.1.60.Final/netty-transport-native-epoll-4.1.60.Final-linux-x86_64.jar:/Users/benedict.idonije/.m2/repository/io/netty/netty-transport-native-kqueue/4.1.60.Final/netty-transport-native-kqueue-4.1.60.Final-osx-x86_64.jar:/Users/benedict.idonije/.m2/repository/org/reactivestreams/reactive-streams/1.0.3/reactive-streams-1.0.3.jar:/Users/benedict.idonije/.m2/repository/com/typesafe/netty/netty-reactive-streams/2.0.4/netty-reactive-streams-2.0.4.jar:/Users/benedict.idonije/.m2/repository/com/sun/activation/jakarta.activation/1.2.2/jakarta.activation-1.2.2.jar:/Users/benedict.idonije/.m2/repository/org/seleniumhq/selenium/selenium-http/4.0.0/selenium-http-4.0.0.jar:/Users/benedict.idonije/.m2/repository/org/seleniumhq/selenium/selenium-safari-driver/4.0.0/selenium-safari-driver-4.0.0.jar:/Users/benedict.idonije/.m2/repository/org/seleniumhq/selenium/selenium-support/4.0.0/selenium-support-4.0.0.jar:/Users/benedict.idonije/.m2/repository/org/seleniumhq/selenium/selenium-firefox-driver/4.0.0/selenium-firefox-driver-4.0.0.jar:/Users/benedict.idonije/.m2/repository/com/google/auto/service/auto-service-annotations/1.0/auto-service-annotations-1.0.jar:/Users/benedict.idonije/.m2/repository/com/google/auto/service/auto-service/1.0/auto-service-1.0.jar:/Users/benedict.idonije/.m2/repository/com/google/auto/auto-common/1.0/auto-common-1.0.jar:/Users/benedict.idonije/.m2/repository/com/google/guava/guava/31.0.1-jre/guava-31.0.1-jre.jar:/Users/benedict.idonije/.m2/repository/com/google/guava/failureaccess/1.0.1/failureaccess-1.0.1.jar:/Users/benedict.idonije/.m2/repository/com/google/guava/listenablefuture/9999.0-empty-to-avoid-conflict-with-guava/listenablefuture-9999.0-empty-to-avoid-conflict-with-guava.jar:/Users/benedict.idonije/.m2/repository/com/google/code/findbugs/jsr305/3.0.2/jsr305-3.0.2.jar:/Users/benedict.idonije/.m2/repository/org/checkerframework/checker-qual/3.12.0/checker-qual-3.12.0.jar:/Users/benedict.idonije/.m2/repository/com/google/errorprone/error_prone_annotations/2.7.1/error_prone_annotations-2.7.1.jar:/Users/benedict.idonije/.m2/repository/com/google/j2objc/j2objc-annotations/1.3/j2objc-annotations-1.3.jar:/Users/benedict.idonije/.m2/repository/org/seleniumhq/selenium/selenium-json/4.0.0/selenium-json-4.0.0.jar:/Users/benedict.idonije/.m2/repository/org/seleniumhq/selenium/selenium-chrome-driver/4.0.0/selenium-chrome-driver-4.0.0.jar:/Users/benedict.idonije/.m2/repository/org/seleniumhq/selenium/selenium-chromium-driver/4.0.0/selenium-chromium-driver-4.0.0.jar:/Users/benedict.idonije/.m2/repository/org/hamcrest/hamcrest-all/1.3/hamcrest-all-1.3.jar:/Users/benedict.idonije/.m2/repository/org/hamcrest/hamcrest-library/1.3/hamcrest-library-1.3.jar:/Users/benedict.idonije/.m2/repository/org/hamcrest/hamcrest-core/1.3/hamcrest-core-1.3.jar:/Users/benedict.idonije/.m2/repository/org/apache/cassandra/cassandra-all/0.8.1/cassandra-all-0.8.1.jar:/Users/benedict.idonije/.m2/repository/commons-cli/commons-cli/1.1/commons-cli-1.1.jar:/Users/benedict.idonije/.m2/repository/commons-codec/commons-codec/1.2/commons-codec-1.2.jar:/Users/benedict.idonije/.m2/repository/commons-collections/commons-collections/3.2.1/commons-collections-3.2.1.jar:/Users/benedict.idonije/.m2/repository/commons-lang/commons-lang/2.4/commons-lang-2.4.jar:/Users/benedict.idonije/.m2/repository/com/googlecode/concurrentlinkedhashmap/concurrentlinkedhashmap-lru/1.1/concurrentlinkedhashmap-lru-1.1.jar:/Users/benedict.idonije/.m2/repository/org/antlr/antlr/3.2/antlr-3.2.jar:/Users/benedict.idonije/.m2/repository/org/antlr/antlr-runtime/3.2/antlr-runtime-3.2.jar:/Users/benedict.idonije/.m2/repository/org/antlr/stringtemplate/3.2/stringtemplate-3.2.jar:/Users/benedict.idonije/.m2/repository/antlr/antlr/2.7.7/antlr-2.7.7.jar:/Users/benedict.idonije/.m2/repository/org/slf4j/slf4j-api/1.6.1/slf4j-api-1.6.1.jar:/Users/benedict.idonije/.m2/repository/org/apache/cassandra/deps/avro/1.4.0-cassandra-1/avro-1.4.0-cassandra-1.jar:/Users/benedict.idonije/.m2/repository/org/mortbay/jetty/jetty/6.1.22/jetty-6.1.22.jar:/Users/benedict.idonije/.m2/repository/org/mortbay/jetty/jetty-util/6.1.22/jetty-util-6.1.22.jar:/Users/benedict.idonije/.m2/repository/org/mortbay/jetty/servlet-api/2.5-20081211/servlet-api-2.5-20081211.jar:/Users/benedict.idonije/.m2/repository/org/codehaus/jackson/jackson-core-asl/1.4.0/jackson-core-asl-1.4.0.jar:/Users/benedict.idonije/.m2/repository/org/codehaus/jackson/jackson-mapper-asl/1.4.0/jackson-mapper-asl-1.4.0.jar:/Users/benedict.idonije/.m2/repository/jline/jline/0.9.94/jline-0.9.94.jar:/Users/benedict.idonije/.m2/repository/com/googlecode/json-simple/json-simple/1.1/json-simple-1.1.jar:/Users/benedict.idonije/.m2/repository/com/github/stephenc/high-scale-lib/high-scale-lib/1.1.2/high-scale-lib-1.1.2.jar:/Users/benedict.idonije/.m2/repository/org/apache/thrift/libthrift/0.6.1/libthrift-0.6.1.jar:/Users/benedict.idonije/.m2/repository/javax/servlet/servlet-api/2.5/servlet-api-2.5.jar:/Users/benedict.idonije/.m2/repository/org/apache/httpcomponents/httpclient/4.0.1/httpclient-4.0.1.jar:/Users/benedict.idonije/.m2/repository/org/apache/httpcomponents/httpcore/4.0.1/httpcore-4.0.1.jar:/Users/benedict.idonije/.m2/repository/commons-logging/commons-logging/1.1.1/commons-logging-1.1.1.jar:/Users/benedict.idonije/.m2/repository/org/apache/cassandra/cassandra-thrift/0.8.1/cassandra-thrift-0.8.1.jar:/Users/benedict.idonije/.m2/repository/com/github/stephenc/jamm/0.2.2/jamm-0.2.2.jar:"/>
    <property name="java.vm.vendor" value="Oracle Corporation"/>
    <property name="sun.arch.data.model" value="64"/>
    <property name="java.vendor.url" value="https://java.oracle.com/"/>
    <property name="os.name" value="Mac OS X"/>
    <property name="java.vm.specification.version" value="17"/>
    <property name="sun.java.launcher" value="SUN_STANDARD"/>
    <property name="user.country" value="GB"/>
    <property name="sun.boot.library.path" value="/Library/Java/JavaVirtualMachines/jdk-17.0.1.jdk/Contents/Home/lib"/>
    <property name="sun.java.command" value="/Users/benedict.idonije/git/policy-expert-project/target/surefire/surefirebooter10974906371113679345.jar /Users/benedict.idonije/git/policy-expert-project/target/surefire 2022-01-25T16-30-09_671-jvmRun1 surefire4278654661277324232tmp surefire_017680810848755240154tmp"/>
    <property name="http.nonProxyHosts" value="local|*.local|169.254/16|*.169.254/16"/>
    <property name="jdk.debug" value="release"/>
    <property name="surefire.test.class.path" value="/Users/benedict.idonije/git/policy-expert-project/target/test-classes:/Users/benedict.idonije/git/policy-expert-project/target/classes:/Users/benedict.idonije/.m2/repository/org/testng/testng/7.3.0/testng-7.3.0.jar:/Users/benedict.idonije/.m2/repository/com/beust/jcommander/1.78/jcommander-1.78.jar:/Users/benedict.idonije/.m2/repository/org/apache/ant/ant/1.10.3/ant-1.10.3.jar:/Users/benedict.idonije/.m2/repository/org/apache/ant/ant-launcher/1.10.3/ant-launcher-1.10.3.jar:/Users/benedict.idonije/.m2/repository/junit/junit/4.12/junit-4.12.jar:/Users/benedict.idonije/.m2/repository/com/google/inject/guice/4.2.2/guice-4.2.2-no_aop.jar:/Users/benedict.idonije/.m2/repository/javax/inject/javax.inject/1/javax.inject-1.jar:/Users/benedict.idonije/.m2/repository/aopalliance/aopalliance/1.0/aopalliance-1.0.jar:/Users/benedict.idonije/.m2/repository/org/yaml/snakeyaml/1.21/snakeyaml-1.21.jar:/Users/benedict.idonije/.m2/repository/org/seleniumhq/selenium/selenium-java/4.0.0/selenium-java-4.0.0.jar:/Users/benedict.idonije/.m2/repository/org/seleniumhq/selenium/selenium-api/4.0.0/selenium-api-4.0.0.jar:/Users/benedict.idonije/.m2/repository/org/seleniumhq/selenium/selenium-devtools-v85/4.0.0/selenium-devtools-v85-4.0.0.jar:/Users/benedict.idonije/.m2/repository/org/seleniumhq/selenium/selenium-devtools-v93/4.0.0/selenium-devtools-v93-4.0.0.jar:/Users/benedict.idonije/.m2/repository/org/seleniumhq/selenium/selenium-devtools-v94/4.0.0/selenium-devtools-v94-4.0.0.jar:/Users/benedict.idonije/.m2/repository/org/seleniumhq/selenium/selenium-devtools-v95/4.0.0/selenium-devtools-v95-4.0.0.jar:/Users/benedict.idonije/.m2/repository/org/seleniumhq/selenium/selenium-edge-driver/4.0.0/selenium-edge-driver-4.0.0.jar:/Users/benedict.idonije/.m2/repository/org/seleniumhq/selenium/selenium-firefox-xpi-driver/4.0.0/selenium-firefox-xpi-driver-4.0.0.jar:/Users/benedict.idonije/.m2/repository/org/seleniumhq/selenium/selenium-ie-driver/4.0.0/selenium-ie-driver-4.0.0.jar:/Users/benedict.idonije/.m2/repository/org/seleniumhq/selenium/selenium-opera-driver/4.0.0/selenium-opera-driver-4.0.0.jar:/Users/benedict.idonije/.m2/repository/org/seleniumhq/selenium/selenium-remote-driver/4.0.0/selenium-remote-driver-4.0.0.jar:/Users/benedict.idonije/.m2/repository/io/netty/netty-buffer/4.1.68.Final/netty-buffer-4.1.68.Final.jar:/Users/benedict.idonije/.m2/repository/io/netty/netty-codec-http/4.1.67.Final/netty-codec-http-4.1.67.Final.jar:/Users/benedict.idonije/.m2/repository/io/netty/netty-codec/4.1.67.Final/netty-codec-4.1.67.Final.jar:/Users/benedict.idonije/.m2/repository/io/netty/netty-handler/4.1.67.Final/netty-handler-4.1.67.Final.jar:/Users/benedict.idonije/.m2/repository/io/netty/netty-common/4.1.68.Final/netty-common-4.1.68.Final.jar:/Users/benedict.idonije/.m2/repository/io/netty/netty-transport-native-epoll/4.1.67.Final/netty-transport-native-epoll-4.1.67.Final.jar:/Users/benedict.idonije/.m2/repository/io/netty/netty-transport-native-kqueue/4.1.67.Final/netty-transport-native-kqueue-4.1.67.Final.jar:/Users/benedict.idonije/.m2/repository/io/netty/netty-transport-native-unix-common/4.1.67.Final/netty-transport-native-unix-common-4.1.67.Final.jar:/Users/benedict.idonije/.m2/repository/io/netty/netty-transport/4.1.68.Final/netty-transport-4.1.68.Final.jar:/Users/benedict.idonije/.m2/repository/io/netty/netty-resolver/4.1.68.Final/netty-resolver-4.1.68.Final.jar:/Users/benedict.idonije/.m2/repository/io/opentelemetry/opentelemetry-api/1.6.0/opentelemetry-api-1.6.0.jar:/Users/benedict.idonije/.m2/repository/io/opentelemetry/opentelemetry-context/1.6.0/opentelemetry-context-1.6.0.jar:/Users/benedict.idonije/.m2/repository/io/opentelemetry/opentelemetry-exporter-logging/1.6.0/opentelemetry-exporter-logging-1.6.0.jar:/Users/benedict.idonije/.m2/repository/io/opentelemetry/opentelemetry-sdk-metrics/1.6.0-alpha/opentelemetry-sdk-metrics-1.6.0-alpha.jar:/Users/benedict.idonije/.m2/repository/io/opentelemetry/opentelemetry-sdk-common/1.6.0/opentelemetry-sdk-common-1.6.0.jar:/Users/benedict.idonije/.m2/repository/io/opentelemetry/opentelemetry-sdk-extension-autoconfigure-spi/1.6.0/opentelemetry-sdk-extension-autoconfigure-spi-1.6.0.jar:/Users/benedict.idonije/.m2/repository/io/opentelemetry/opentelemetry-sdk-extension-autoconfigure/1.6.0-alpha/opentelemetry-sdk-extension-autoconfigure-1.6.0-alpha.jar:/Users/benedict.idonije/.m2/repository/io/opentelemetry/opentelemetry-sdk-trace/1.6.0/opentelemetry-sdk-trace-1.6.0.jar:/Users/benedict.idonije/.m2/repository/io/opentelemetry/opentelemetry-api-metrics/1.6.0-alpha/opentelemetry-api-metrics-1.6.0-alpha.jar:/Users/benedict.idonije/.m2/repository/io/opentelemetry/opentelemetry-sdk/1.6.0/opentelemetry-sdk-1.6.0.jar:/Users/benedict.idonije/.m2/repository/io/opentelemetry/opentelemetry-semconv/1.6.0-alpha/opentelemetry-semconv-1.6.0-alpha.jar:/Users/benedict.idonije/.m2/repository/io/ous/jtoml/2.0.0/jtoml-2.0.0.jar:/Users/benedict.idonije/.m2/repository/net/bytebuddy/byte-buddy/1.11.19/byte-buddy-1.11.19.jar:/Users/benedict.idonije/.m2/repository/org/apache/commons/commons-exec/1.3/commons-exec-1.3.jar:/Users/benedict.idonije/.m2/repository/org/asynchttpclient/async-http-client/2.12.3/async-http-client-2.12.3.jar:/Users/benedict.idonije/.m2/repository/org/asynchttpclient/async-http-client-netty-utils/2.12.3/async-http-client-netty-utils-2.12.3.jar:/Users/benedict.idonije/.m2/repository/io/netty/netty-codec-socks/4.1.60.Final/netty-codec-socks-4.1.60.Final.jar:/Users/benedict.idonije/.m2/repository/io/netty/netty-handler-proxy/4.1.60.Final/netty-handler-proxy-4.1.60.Final.jar:/Users/benedict.idonije/.m2/repository/io/netty/netty-transport-native-epoll/4.1.60.Final/netty-transport-native-epoll-4.1.60.Final-linux-x86_64.jar:/Users/benedict.idonije/.m2/repository/io/netty/netty-transport-native-kqueue/4.1.60.Final/netty-transport-native-kqueue-4.1.60.Final-osx-x86_64.jar:/Users/benedict.idonije/.m2/repository/org/reactivestreams/reactive-streams/1.0.3/reactive-streams-1.0.3.jar:/Users/benedict.idonije/.m2/repository/com/typesafe/netty/netty-reactive-streams/2.0.4/netty-reactive-streams-2.0.4.jar:/Users/benedict.idonije/.m2/repository/com/sun/activation/jakarta.activation/1.2.2/jakarta.activation-1.2.2.jar:/Users/benedict.idonije/.m2/repository/org/seleniumhq/selenium/selenium-http/4.0.0/selenium-http-4.0.0.jar:/Users/benedict.idonije/.m2/repository/org/seleniumhq/selenium/selenium-safari-driver/4.0.0/selenium-safari-driver-4.0.0.jar:/Users/benedict.idonije/.m2/repository/org/seleniumhq/selenium/selenium-support/4.0.0/selenium-support-4.0.0.jar:/Users/benedict.idonije/.m2/repository/org/seleniumhq/selenium/selenium-firefox-driver/4.0.0/selenium-firefox-driver-4.0.0.jar:/Users/benedict.idonije/.m2/repository/com/google/auto/service/auto-service-annotations/1.0/auto-service-annotations-1.0.jar:/Users/benedict.idonije/.m2/repository/com/google/auto/service/auto-service/1.0/auto-service-1.0.jar:/Users/benedict.idonije/.m2/repository/com/google/auto/auto-common/1.0/auto-common-1.0.jar:/Users/benedict.idonije/.m2/repository/com/google/guava/guava/31.0.1-jre/guava-31.0.1-jre.jar:/Users/benedict.idonije/.m2/repository/com/google/guava/failureaccess/1.0.1/failureaccess-1.0.1.jar:/Users/benedict.idonije/.m2/repository/com/google/guava/listenablefuture/9999.0-empty-to-avoid-conflict-with-guava/listenablefuture-9999.0-empty-to-avoid-conflict-with-guava.jar:/Users/benedict.idonije/.m2/repository/com/google/code/findbugs/jsr305/3.0.2/jsr305-3.0.2.jar:/Users/benedict.idonije/.m2/repository/org/checkerframework/checker-qual/3.12.0/checker-qual-3.12.0.jar:/Users/benedict.idonije/.m2/repository/com/google/errorprone/error_prone_annotations/2.7.1/error_prone_annotations-2.7.1.jar:/Users/benedict.idonije/.m2/repository/com/google/j2objc/j2objc-annotations/1.3/j2objc-annotations-1.3.jar:/Users/benedict.idonije/.m2/repository/org/seleniumhq/selenium/selenium-json/4.0.0/selenium-json-4.0.0.jar:/Users/benedict.idonije/.m2/repository/org/seleniumhq/selenium/selenium-chrome-driver/4.0.0/selenium-chrome-driver-4.0.0.jar:/Users/benedict.idonije/.m2/repository/org/seleniumhq/selenium/selenium-chromium-driver/4.0.0/selenium-chromium-driver-4.0.0.jar:/Users/benedict.idonije/.m2/repository/org/hamcrest/hamcrest-all/1.3/hamcrest-all-1.3.jar:/Users/benedict.idonije/.m2/repository/org/hamcrest/hamcrest-library/1.3/hamcrest-library-1.3.jar:/Users/benedict.idonije/.m2/repository/org/hamcrest/hamcrest-core/1.3/hamcrest-core-1.3.jar:/Users/benedict.idonije/.m2/repository/org/apache/cassandra/cassandra-all/0.8.1/cassandra-all-0.8.1.jar:/Users/benedict.idonije/.m2/repository/commons-cli/commons-cli/1.1/commons-cli-1.1.jar:/Users/benedict.idonije/.m2/repository/commons-codec/commons-codec/1.2/commons-codec-1.2.jar:/Users/benedict.idonije/.m2/repository/commons-collections/commons-collections/3.2.1/commons-collections-3.2.1.jar:/Users/benedict.idonije/.m2/repository/commons-lang/commons-lang/2.4/commons-lang-2.4.jar:/Users/benedict.idonije/.m2/repository/com/googlecode/concurrentlinkedhashmap/concurrentlinkedhashmap-lru/1.1/concurrentlinkedhashmap-lru-1.1.jar:/Users/benedict.idonije/.m2/repository/org/antlr/antlr/3.2/antlr-3.2.jar:/Users/benedict.idonije/.m2/repository/org/antlr/antlr-runtime/3.2/antlr-runtime-3.2.jar:/Users/benedict.idonije/.m2/repository/org/antlr/stringtemplate/3.2/stringtemplate-3.2.jar:/Users/benedict.idonije/.m2/repository/antlr/antlr/2.7.7/antlr-2.7.7.jar:/Users/benedict.idonije/.m2/repository/org/slf4j/slf4j-api/1.6.1/slf4j-api-1.6.1.jar:/Users/benedict.idonije/.m2/repository/org/apache/cassandra/deps/avro/1.4.0-cassandra-1/avro-1.4.0-cassandra-1.jar:/Users/benedict.idonije/.m2/repository/org/mortbay/jetty/jetty/6.1.22/jetty-6.1.22.jar:/Users/benedict.idonije/.m2/repository/org/mortbay/jetty/jetty-util/6.1.22/jetty-util-6.1.22.jar:/Users/benedict.idonije/.m2/repository/org/mortbay/jetty/servlet-api/2.5-20081211/servlet-api-2.5-20081211.jar:/Users/benedict.idonije/.m2/repository/org/codehaus/jackson/jackson-core-asl/1.4.0/jackson-core-asl-1.4.0.jar:/Users/benedict.idonije/.m2/repository/org/codehaus/jackson/jackson-mapper-asl/1.4.0/jackson-mapper-asl-1.4.0.jar:/Users/benedict.idonije/.m2/repository/jline/jline/0.9.94/jline-0.9.94.jar:/Users/benedict.idonije/.m2/repository/com/googlecode/json-simple/json-simple/1.1/json-simple-1.1.jar:/Users/benedict.idonije/.m2/repository/com/github/stephenc/high-scale-lib/high-scale-lib/1.1.2/high-scale-lib-1.1.2.jar:/Users/benedict.idonije/.m2/repository/org/apache/thrift/libthrift/0.6.1/libthrift-0.6.1.jar:/Users/benedict.idonije/.m2/repository/javax/servlet/servlet-api/2.5/servlet-api-2.5.jar:/Users/benedict.idonije/.m2/repository/org/apache/httpcomponents/httpclient/4.0.1/httpclient-4.0.1.jar:/Users/benedict.idonije/.m2/repository/org/apache/httpcomponents/httpcore/4.0.1/httpcore-4.0.1.jar:/Users/benedict.idonije/.m2/repository/commons-logging/commons-logging/1.1.1/commons-logging-1.1.1.jar:/Users/benedict.idonije/.m2/repository/org/apache/cassandra/cassandra-thrift/0.8.1/cassandra-thrift-0.8.1.jar:/Users/benedict.idonije/.m2/repository/com/github/stephenc/jamm/0.2.2/jamm-0.2.2.jar:"/>
    <property name="sun.cpu.endian" value="little"/>
    <property name="user.home" value="/Users/benedict.idonije"/>
    <property name="user.language" value="en"/>
    <property name="java.specification.vendor" value="Oracle Corporation"/>
    <property name="java.version.date" value="2021-10-19"/>
    <property name="java.home" value="/Library/Java/JavaVirtualMachines/jdk-17.0.1.jdk/Contents/Home"/>
    <property name="file.separator" value="/"/>
    <property name="basedir" value="/Users/benedict.idonije/git/policy-expert-project"/>
    <property name="java.vm.compressedOopsMode" value="Zero based"/>
    <property name="line.separator" value="&#10;"/>
    <property name="java.specification.name" value="Java Platform API Specification"/>
    <property name="java.vm.specification.vendor" value="Oracle Corporation"/>
    <property name="surefire.real.class.path" value="/Users/benedict.idonije/git/policy-expert-project/target/surefire/surefirebooter10974906371113679345.jar"/>
    <property name="sun.management.compiler" value="HotSpot 64-Bit Tiered Compilers"/>
    <property name="ftp.nonProxyHosts" value="local|*.local|169.254/16|*.169.254/16"/>
    <property name="java.runtime.version" value="17.0.1+12-LTS-39"/>
    <property name="user.name" value="benedict.idonije"/>
    <property name="path.separator" value=":"/>
    <property name="os.version" value="11.5.2"/>
    <property name="java.runtime.name" value="Java(TM) SE Runtime Environment"/>
    <property name="file.encoding" value="UTF-8"/>
    <property name="java.vm.name" value="Java HotSpot(TM) 64-Bit Server VM"/>
    <property name="localRepository" value="/Users/benedict.idonije/.m2/repository"/>
    <property name="java.vendor.url.bug" value="https://bugreport.java.com/bugreport/"/>
    <property name="java.io.tmpdir" value="/var/folders/4s/9sq7v_0n75lbmvvj4m0f7wqc_5ql0z/T/"/>
    <property name="java.version" value="17.0.1"/>
    <property name="user.dir" value="/Users/benedict.idonije/git/policy-expert-project"/>
    <property name="os.arch" value="x86_64"/>
    <property name="java.vm.specification.name" value="Java Virtual Machine Specification"/>
    <property name="native.encoding" value="UTF-8"/>
    <property name="java.library.path" value="/Users/benedict.idonije/Library/Java/Extensions:/Library/Java/Extensions:/Network/Library/Java/Extensions:/System/Library/Java/Extensions:/usr/lib/java:."/>
    <property name="java.vm.info" value="mixed mode, sharing"/>
    <property name="java.vendor" value="Oracle Corporation"/>
    <property name="java.vm.version" value="17.0.1+12-LTS-39"/>
    <property name="sun.io.unicode.encoding" value="UnicodeBig"/>
    <property name="socksNonProxyHosts" value="local|*.local|169.254/16|*.169.254/16"/>
    <property name="java.class.version" value="61.0"/>
  </properties>
  <testcase name="fillHomeInsuranceEnquiryForm" classname="uk.co.policyexpert.HomeEnquiryFormTest" time="4.497"/>
  <testcase name="fillHomeInsuranceEnquiryForm" classname="uk.co.policyexpert.HomeEnquiryFormTest" time="3.707"/>
  <testcase name="fillHomeInsuranceEnquiryForm" classname="uk.co.policyexpert.HomeEnquiryFormTest" time="2.453"/>
</testsuite>