<?xml version="1.0" encoding="UTF-8"?>
<!-- Generated by org.testng.reporters.JUnitReportReporter -->
<testsuite hostname="C02XD5ANJG5J" failures="0" tests="3" name="uk.co.policyexpert.HomeEnquiryFormTest" time="13.335" errors="0" timestamp="2022-01-25T17:17:25 GMT" skipped="0">
  <testcase classname="uk.co.policyexpert.HomeEnquiryFormTest" name="fillHomeInsuranceEnquiryForm" time="5.518"/>
  <system-out/>
  <testcase classname="uk.co.policyexpert.HomeEnquiryFormTest" name="fillHomeInsuranceEnquiryForm" time="4.389"/>
  <system-out/>
  <testcase classname="uk.co.policyexpert.HomeEnquiryFormTest" name="fillHomeInsuranceEnquiryForm" time="3.428"/>
  <system-out/>
</testsuite> <!-- uk.co.policyexpert.HomeEnquiryFormTest -->
