<?xml version="1.0" encoding="UTF-8"?>
<!-- Generated by org.testng.reporters.JUnitReportReporter -->
<testsuite hostname="C02XD5ANJG5J" failures="0" tests="3" name="uk.co.policyexpert.HomeEnquiryFormTest" time="12.737" errors="0" timestamp="2022-01-25T20:07:34 GMT" skipped="0">
  <testcase classname="uk.co.policyexpert.HomeEnquiryFormTest" name="fillHomeInsuranceEnquiryForm" time="4.738"/>
  <system-out/>
  <testcase classname="uk.co.policyexpert.HomeEnquiryFormTest" name="fillHomeInsuranceEnquiryForm" time="4.863"/>
  <system-out/>
  <testcase classname="uk.co.policyexpert.HomeEnquiryFormTest" name="fillHomeInsuranceEnquiryForm" time="3.136"/>
  <system-out/>
</testsuite> <!-- uk.co.policyexpert.HomeEnquiryFormTest -->
