<?xml version="1.0" encoding="UTF-8"?>
<!-- Generated by org.testng.reporters.JUnitReportReporter -->
<testsuite hostname="C02XD5ANJG5J" failures="0" tests="3" name="uk.co.policyexpert.HomeEnquiryFormTest" time="9.647" errors="0" timestamp="2022-01-25T13:54:24 GMT" skipped="0">
  <testcase classname="uk.co.policyexpert.HomeEnquiryFormTest" name="fillHomeInsuranceEnquiryForm" time="3.767"/>
  <system-out/>
  <testcase classname="uk.co.policyexpert.HomeEnquiryFormTest" name="fillHomeInsuranceEnquiryForm" time="2.416"/>
  <system-out/>
  <testcase classname="uk.co.policyexpert.HomeEnquiryFormTest" name="fillHomeInsuranceEnquiryForm" time="3.464"/>
  <system-out/>
</testsuite> <!-- uk.co.policyexpert.HomeEnquiryFormTest -->
