<?xml version="1.0" encoding="UTF-8"?>
<!-- Generated by org.testng.reporters.JUnitReportReporter -->
<testsuite hostname="C02XD5ANJG5J" failures="0" tests="3" name="uk.co.policyexpert.HomeEnquiryFormTest" time="10.649" errors="0" timestamp="2022-01-25T16:30:48 GMT" skipped="0">
  <testcase classname="uk.co.policyexpert.HomeEnquiryFormTest" name="fillHomeInsuranceEnquiryForm" time="3.707"/>
  <system-out/>
  <testcase classname="uk.co.policyexpert.HomeEnquiryFormTest" name="fillHomeInsuranceEnquiryForm" time="4.489"/>
  <system-out/>
  <testcase classname="uk.co.policyexpert.HomeEnquiryFormTest" name="fillHomeInsuranceEnquiryForm" time="2.453"/>
  <system-out/>
</testsuite> <!-- uk.co.policyexpert.HomeEnquiryFormTest -->
