<?xml version="1.0" encoding="UTF-8"?>
<!-- Generated by org.testng.reporters.JUnitReportReporter -->
<testsuite hostname="C02XD5ANJG5J" failures="0" tests="3" name="uk.co.policyexpert.HomeEnquiryFormTest" time="11.198" errors="0" timestamp="2022-01-25T19:50:34 GMT" skipped="0">
  <testcase classname="uk.co.policyexpert.HomeEnquiryFormTest" name="fillHomeInsuranceEnquiryForm" time="3.778"/>
  <system-out/>
  <testcase classname="uk.co.policyexpert.HomeEnquiryFormTest" name="fillHomeInsuranceEnquiryForm" time="4.290"/>
  <system-out/>
  <testcase classname="uk.co.policyexpert.HomeEnquiryFormTest" name="fillHomeInsuranceEnquiryForm" time="3.130"/>
  <system-out/>
</testsuite> <!-- uk.co.policyexpert.HomeEnquiryFormTest -->
